═══════════════════════════════════════ 
 Orchesis Nightly Run: 01.03.2026 10:00:18,15 
═══════════════════════════════════════ 
 
[1/6] Fuzzer (10000 requests)... 
{"ts": "2026-03-01T07:00:19.660678Z", "level": "INFO", "component": "cli", "msg": "fuzz run completed", "total_requests": 10000, "bypasses": 0, "seed": 42}
Fuzzer Report:
  Total requests: 10000
  Correctly denied: 6456
  Correctly allowed: 3544
  BYPASSES FOUND: 0 (0.00%)

  Categories tested:
    composite: 1398
    cost_manipulation: 1405
    identity_spoofing: 1424
    path_traversal: 1433
    rate_limit: 1476
    regex_evasion: 1460
    sql_injection: 1404
 
[2/6] Mutation engine (1000 mutations)... 
Mutation results: 1000 tested, 0 bypasses
{"ts": "2026-03-01T07:00:20.407055Z", "level": "INFO", "component": "cli", "msg": "mutation run completed", "mutations_tested": 1000, "bypasses": 0, "seed": 42}
 
[3/6] Invariant checks... 
Invariant Checks:
  [OK] never_fail_open
  [OK] deterministic_replay
  [OK] state_isolation
  [OK] no_cross_session_leak
  [OK] fail_closed_on_error
  [OK] evaluation_order_stable
  [OK] identity_enforcement
  [OK] cost_never_negative_allow
  [OK] rate_limit_atomic
  [OK] no_state_drift

10/10 passed (0.01s)
{"ts": "2026-03-01T07:00:21.128892Z", "level": "INFO", "component": "cli", "msg": "invariants checked", "total": 10, "failures": 0}
 
[4/6] Adversarial scenarios... 
Adversarial Scenarios:
  [OK] escalation_attack        - 7 steps, 0 bypasses
  [OK] budget_drainer           - 80 steps, 0 bypasses
  [WARN] identity_rotation        - 10 steps, known limitation
  [OK] session_hopping          - 20 steps, 0 bypasses
  [OK] slow_probe               - 30 steps, 0 bypasses
  [OK] mixed_legitimate_malicious - 100 steps, 0 bypasses
 
[5/6] Full test suite... 
........................................................................ [ 17%]
........................................................................ [ 35%]
........................................................................ [ 53%]
........................................................................ [ 71%]
........................................................................ [ 89%]
.....................................F....                               [100%]
================================== FAILURES ===================================
____________________ test_telemetry_doesnt_slow_evaluation ____________________
tests\test_torture.py:399: in test_telemetry_doesnt_slow_evaluation
    assert overhead < 0.30
E   assert 0.3698823531083823 < 0.3
=========================== short test summary info ===========================
FAILED tests/test_torture.py::test_telemetry_doesnt_slow_evaluation - assert ...
1 failed, 401 passed in 165.74s (0:02:45)
 
[6/6] Reliability report... 
Traceback (most recent call last):
  File "<frozen runpy>", line 198, in _run_module_as_main
  File "<frozen runpy>", line 88, in _run_code
  File "C:\Users\lenovo\AppData\Local\Programs\Python\Python312\Scripts\orchesis.exe\__main__.py", line 7, in <module>
  File "C:\Users\lenovo\AppData\Local\Programs\Python\Python312\Lib\site-packages\click\core.py", line 1161, in __call__
    return self.main(*args, **kwargs)
           ^^^^^^^^^^^^^^^^^^^^^^^^^^
  File "C:\Users\lenovo\AppData\Local\Programs\Python\Python312\Lib\site-packages\click\core.py", line 1082, in main
    rv = self.invoke(ctx)
         ^^^^^^^^^^^^^^^^
  File "C:\Users\lenovo\AppData\Local\Programs\Python\Python312\Lib\site-packages\click\core.py", line 1697, in invoke
    return _process_result(sub_ctx.command.invoke(sub_ctx))
                           ^^^^^^^^^^^^^^^^^^^^^^^^^^^^^^^
  File "C:\Users\lenovo\AppData\Local\Programs\Python\Python312\Lib\site-packages\click\core.py", line 1443, in invoke
    return ctx.invoke(self.callback, **ctx.params)
           ^^^^^^^^^^^^^^^^^^^^^^^^^^^^^^^^^^^^^^^
  File "C:\Users\lenovo\AppData\Local\Programs\Python\Python312\Lib\site-packages\click\core.py", line 788, in invoke
    return __callback(*args, **kwargs)
           ^^^^^^^^^^^^^^^^^^^^^^^^^^^
  File "C:\Users\lenovo\Desktop\Orchesis_final\orchesis\src\orchesis\cli.py", line 1196, in reliability_report
    click.echo(generator.to_markdown(report))
  File "C:\Users\lenovo\AppData\Local\Programs\Python\Python312\Lib\site-packages\click\utils.py", line 318, in echo
    file.write(out)  # type: ignore
    ^^^^^^^^^^^^^^^
  File "C:\Users\lenovo\AppData\Local\Programs\Python\Python312\Lib\encodings\cp1251.py", line 19, in encode
    return codecs.charmap_encode(input,self.errors,encoding_table)[0]
           ^^^^^^^^^^^^^^^^^^^^^^^^^^^^^^^^^^^^^^^^^^^^^^^^^^^^^^^
UnicodeEncodeError: 'charmap' codec can't encode character '\u2713' in position 634: character maps to <undefined>
 
═══════════════════════════════════════ 
 Completed: 01.03.2026 10:03:11,50 
═══════════════════════════════════════ 
