═══════════════════════════════════════ 
 Orchesis Nightly Run: 01.03.2026  9:58:41,69 
═══════════════════════════════════════ 
 
[1/6] Fuzzer (10000 requests)... 
{"ts": "2026-03-01T06:58:43.264164Z", "level": "INFO", "component": "cli", "msg": "fuzz run completed", "total_requests": 10000, "bypasses": 0, "seed": 42}
Fuzzer Report:
  Total requests: 10000
  Correctly denied: 6456
  Correctly allowed: 3544
  BYPASSES FOUND: 0 (0.00%)

  Categories tested:
    composite: 1398
    cost_manipulation: 1405
    identity_spoofing: 1424
    path_traversal: 1433
    rate_limit: 1476
    regex_evasion: 1460
    sql_injection: 1404
 
[2/6] Mutation engine (1000 mutations)... 
Mutation results: 1000 tested, 0 bypasses
{"ts": "2026-03-01T06:58:43.981266Z", "level": "INFO", "component": "cli", "msg": "mutation run completed", "mutations_tested": 1000, "bypasses": 0, "seed": 42}
 
[3/6] Invariant checks... 
Invariant Checks:
  [OK] never_fail_open
  [OK] deterministic_replay
  [OK] state_isolation
  [OK] no_cross_session_leak
  [OK] fail_closed_on_error
  [OK] evaluation_order_stable
  [OK] identity_enforcement
  [OK] cost_never_negative_allow
  [OK] rate_limit_atomic
  [OK] no_state_drift

10/10 passed (0.01s)
{"ts": "2026-03-01T06:58:44.615856Z", "level": "INFO", "component": "cli", "msg": "invariants checked", "total": 10, "failures": 0}
 
[4/6] Adversarial scenarios... 
Adversarial Scenarios:
  [OK] escalation_attack        - 7 steps, 0 bypasses
  [OK] budget_drainer           - 80 steps, 0 bypasses
  [WARN] identity_rotation        - 10 steps, known limitation
  [OK] session_hopping          - 20 steps, 0 bypasses
  [OK] slow_probe               - 30 steps, 0 bypasses
  [OK] mixed_legitimate_malicious - 100 steps, 0 bypasses
 
[5/6] Full test suite... 
........................................................................ [ 17%]
........................................................................ [ 35%]
.............^C